<?xml version="1.0" encoding="UTF-8"?>
<testng-results ignored="0" total="1" passed="1" failed="0" skipped="0">
  <reporter-output>
  </reporter-output>
  <suite started-at="2019-11-06T14:59:37 GMT" name="Default suite" finished-at="2019-11-06T14:59:48 GMT" duration-ms="10737">
    <groups>
    </groups>
    <test started-at="2019-11-06T14:59:37 GMT" name="Default test" finished-at="2019-11-06T14:59:48 GMT" duration-ms="10737">
      <class name="Tests.LoginTests">
        <test-method is-config="true" signature="driverSetup()[pri:0, instance:Tests.LoginTests@23f7d05d]" started-at="2019-11-06T14:59:37 GMT" name="driverSetup" finished-at="2019-11-06T14:59:46 GMT" duration-ms="8960" status="PASS">
          <reporter-output>
          </reporter-output>
        </test-method> <!-- driverSetup -->
        <test-method signature="sucessfulLogin()[pri:0, instance:Tests.LoginTests@23f7d05d]" started-at="2019-11-06T14:59:46 GMT" name="sucessfulLogin" finished-at="2019-11-06T14:59:47 GMT" duration-ms="958" status="PASS">
          <reporter-output>
          </reporter-output>
        </test-method> <!-- sucessfulLogin -->
        <test-method is-config="true" signature="driverCleanUp()[pri:0, instance:Tests.LoginTests@23f7d05d]" started-at="2019-11-06T14:59:47 GMT" name="driverCleanUp" finished-at="2019-11-06T14:59:48 GMT" duration-ms="761" status="PASS">
          <reporter-output>
          </reporter-output>
        </test-method> <!-- driverCleanUp -->
      </class> <!-- Tests.LoginTests -->
    </test> <!-- Default test -->
  </suite> <!-- Default suite -->
</testng-results>
