<?xml version="1.0" encoding="UTF-8"?>
<testng-results ignored="0" total="1" passed="1" failed="0" skipped="0">
  <reporter-output>
  </reporter-output>
  <suite started-at="2019-10-29T22:32:56 GMT" name="Default suite" finished-at="2019-10-29T22:33:20 GMT" duration-ms="23905">
    <groups>
    </groups>
    <test started-at="2019-10-29T22:32:56 GMT" name="Default test" finished-at="2019-10-29T22:33:20 GMT" duration-ms="23905">
      <class name="Tests.ExampleTest">
        <test-method is-config="true" signature="driverSetup()[pri:0, instance:Tests.ExampleTest@70be0a2b]" started-at="2019-10-29T22:32:56 GMT" name="driverSetup" finished-at="2019-10-29T22:33:10 GMT" duration-ms="14398" status="PASS">
          <reporter-output>
          </reporter-output>
        </test-method> <!-- driverSetup -->
        <test-method signature="searchForDogFood()[pri:0, instance:Tests.ExampleTest@70be0a2b]" started-at="2019-10-29T22:33:10 GMT" name="searchForDogFood" finished-at="2019-10-29T22:33:20 GMT" duration-ms="9463" status="PASS">
          <reporter-output>
          </reporter-output>
        </test-method> <!-- searchForDogFood -->
        <test-method is-config="true" signature="driverCleanUp()[pri:0, instance:Tests.ExampleTest@70be0a2b]" started-at="2019-10-29T22:33:20 GMT" name="driverCleanUp" finished-at="2019-10-29T22:33:20 GMT" duration-ms="1" status="PASS">
          <reporter-output>
          </reporter-output>
        </test-method> <!-- driverCleanUp -->
      </class> <!-- Tests.ExampleTest -->
    </test> <!-- Default test -->
  </suite> <!-- Default suite -->
</testng-results>
